app/build/intermediates/manifest_merge_blame_file/debug/manifest-merger-blame-debug-report.txt
1<?xml version="1.0" encoding="utf-8"?>
2<manifest xmlns:android="http://schemas.android.com/apk/res/android"
3    package="com.cloudpos.apidemoforunionpaycloudpossdk"
4    android:versionCode="124"
5    android:versionName="1.2.4_V1.5.3.081" >
6
7    <uses-sdk
8        android:minSdkVersion="19"
9        android:targetSdkVersion="34" />
10
11    <queries>
11-->src/main/AndroidManifest.xml:5:5-10:15
12
13        <!-- 如果想要与其他的应用进行AIDL通信的话，需要在这里注册包名的信息 -->
14        <!-- 谷歌的文档说明 https://developer.android.google.cn/guide/topics/manifest/queries-element?hl=en -->
15        <!-- Android 11 解决跨应用绑定Service失败 https://blog.csdn.net/qq_30998053/article/details/123526627 -->
16        <package android:name="com.wizarpos.apiadapter" />
16-->src/main/AndroidManifest.xml:9:9-59
16-->src/main/AndroidManifest.xml:9:18-56
17    </queries>
18
19    <!-- WRITE_EXTERNAL_STORAGE -->
20    <uses-permission android:name="android.permission.WRITE_EXTERNAL_STORAGE" />
20-->src/main/AndroidManifest.xml:13:5-81
20-->src/main/AndroidManifest.xml:13:22-78
21    <uses-permission android:name="android.permission.READ_EXTERNAL_STORAGE" />
21-->src/main/AndroidManifest.xml:14:5-80
21-->src/main/AndroidManifest.xml:14:22-77
22
23    <!-- HDMI-CLOUDPOS_CLONESCREEN -->
24    <uses-permission android:name="android.permission.CLOUDPOS_CLONESCREEN" />
24-->src/main/AndroidManifest.xml:18:5-79
24-->src/main/AndroidManifest.xml:18:22-76
25    <!-- D3 ADAPTER -->
26    <uses-permission android:name="android.permission.CLOUDPOS_PRINTER_ADAPTER" />
26-->src/main/AndroidManifest.xml:20:5-83
26-->src/main/AndroidManifest.xml:20:22-80
27    <!-- CLOUDPOS_PRINTER -->
28    <uses-permission android:name="android.permission.CLOUDPOS_PRINTER" />
28-->src/main/AndroidManifest.xml:22:5-75
28-->src/main/AndroidManifest.xml:22:22-72
29    <!-- MSR -->
30    <uses-permission android:name="android.permission.CLOUDPOS_MSR" />
30-->src/main/AndroidManifest.xml:24:5-70
30-->src/main/AndroidManifest.xml:24:22-68
31    <!-- Contactless card -->
32    <uses-permission android:name="android.permission.CLOUDPOS_CONTACTLESS_CARD" />
32-->src/main/AndroidManifest.xml:26:5-83
32-->src/main/AndroidManifest.xml:26:22-81
33    <!-- SmartCard -->
34    <uses-permission android:name="android.permission.CLOUDPOS_SMARTCARD" />
34-->src/main/AndroidManifest.xml:28:5-76
34-->src/main/AndroidManifest.xml:28:22-74
35    <!-- Serial port -->
36    <uses-permission android:name="android.permission.CLOUDPOS_SERIAL" />
36-->src/main/AndroidManifest.xml:30:5-74
36-->src/main/AndroidManifest.xml:30:22-71
37    <!-- LED -->
38    <uses-permission android:name="android.permission.CLOUDPOS_LED" />
38-->src/main/AndroidManifest.xml:32:5-71
38-->src/main/AndroidManifest.xml:32:22-68
39
40    <!-- CLOUDPOS_CUSTOMER_DISPLAY -->
41    <uses-permission android:name="android.permission.CLOUDPOS_CUSTOMER_DISPLAY" />
41-->src/main/AndroidManifest.xml:35:5-84
41-->src/main/AndroidManifest.xml:35:22-81
42
43    <!-- Pinpad -->
44    <uses-permission android:name="android.permission.CLOUDPOS_PIN_GET_PIN_BLOCK" />
44-->src/main/AndroidManifest.xml:38:5-84
44-->src/main/AndroidManifest.xml:38:22-82
45    <uses-permission android:name="android.permission.CLOUDPOS_PIN_MAC" />
45-->src/main/AndroidManifest.xml:39:5-75
45-->src/main/AndroidManifest.xml:39:22-72
46    <uses-permission android:name="android.permission.CLOUDPOS_PIN_ENCRYPT_DATA" />
46-->src/main/AndroidManifest.xml:40:5-83
46-->src/main/AndroidManifest.xml:40:22-81
47    <uses-permission android:name="android.permission.CLOUDPOS_PIN_UPDATE_USER_KEY" />
47-->src/main/AndroidManifest.xml:41:5-86
47-->src/main/AndroidManifest.xml:41:22-84
48    <uses-permission android:name="android.permission.CLOUDPOS_PIN_UPDATE_MASTER_KEY" />
48-->src/main/AndroidManifest.xml:42:5-88
48-->src/main/AndroidManifest.xml:42:22-86
49
50    <!-- Chinese ID -->
51    <uses-permission android:name="android.permission.CLOUDPOS_IDCard" />
51-->src/main/AndroidManifest.xml:45:5-73
51-->src/main/AndroidManifest.xml:45:22-71
52    <!-- ACCESS_NETWORK_STATE -->
53    <uses-permission android:name="android.permission.ACCESS_NETWORK_STATE" />
53-->src/main/AndroidManifest.xml:47:5-78
53-->src/main/AndroidManifest.xml:47:22-76
54    <!-- INTERNET -->
55    <uses-permission android:name="android.permission.INTERNET" />
55-->src/main/AndroidManifest.xml:49:5-67
55-->src/main/AndroidManifest.xml:49:22-64
56
57    <!-- CLOUDPOS_MONEYBOX -->
58    <uses-permission android:name="android.permission.CLOUDPOS_MONEYBOX" />
58-->src/main/AndroidManifest.xml:52:5-75
58-->src/main/AndroidManifest.xml:52:22-73
59    <!-- CLOUDPOS_FINGERPRINT -->
60    <uses-permission android:name="android.permission.CLOUDPOS_FINGERPRINT" />
60-->src/main/AndroidManifest.xml:54:5-78
60-->src/main/AndroidManifest.xml:54:22-76
61    <!-- CLOUDPOS_SIGNATURE -->
62    <uses-permission android:name="android.permission.CLOUDPOS_SIGNATURE" />
62-->src/main/AndroidManifest.xml:56:5-76
62-->src/main/AndroidManifest.xml:56:22-74
63    <!-- CLOUDPOS_SAFE_MODULE -->
64    <uses-permission android:name="android.permission.CLOUDPOS_SAFE_MODULE" />
64-->src/main/AndroidManifest.xml:58:5-79
64-->src/main/AndroidManifest.xml:58:22-76
65    <!-- SYSTEM_ALERT_WINDOW -->
66    <uses-permission android:name="android.permission.SYSTEM_ALERT_WINDOW" />
66-->src/main/AndroidManifest.xml:60:5-78
66-->src/main/AndroidManifest.xml:60:22-75
67    <uses-permission android:name="android.permission.CLOUDPOS_PIN_UPDATE_TRANSFER_KEY" />
67-->src/main/AndroidManifest.xml:62:5-90
67-->src/main/AndroidManifest.xml:62:22-88
68
69    <application
69-->src/main/AndroidManifest.xml:64:5-80:19
70        android:name="com.cloudpos.androidmvcmodel.MainApplication"
70-->src/main/AndroidManifest.xml:65:9-68
71        android:allowBackup="true"
71-->src/main/AndroidManifest.xml:66:9-35
72        android:debuggable="true"
73        android:extractNativeLibs="true"
74        android:icon="@drawable/ic_launcher"
74-->src/main/AndroidManifest.xml:67:9-45
75        android:label="@string/app_name"
75-->src/main/AndroidManifest.xml:68:9-41
76        android:testOnly="true"
77        android:theme="@style/AppTheme" >
77-->src/main/AndroidManifest.xml:69:9-40
78        <activity
78-->src/main/AndroidManifest.xml:70:9-79:20
79            android:name="com.cloudpos.androidmvcmodel.MainActivity"
79-->src/main/AndroidManifest.xml:71:13-69
80            android:exported="true"
80-->src/main/AndroidManifest.xml:72:13-36
81            android:label="@string/app_name" >
81-->src/main/AndroidManifest.xml:73:13-45
82            <intent-filter>
82-->src/main/AndroidManifest.xml:74:13-78:29
83                <action android:name="android.intent.action.MAIN" />
83-->src/main/AndroidManifest.xml:75:17-69
83-->src/main/AndroidManifest.xml:75:25-66
84
85                <category android:name="android.intent.category.LAUNCHER" />
85-->src/main/AndroidManifest.xml:77:17-77
85-->src/main/AndroidManifest.xml:77:27-74
86            </intent-filter>
87        </activity>
88
89        <meta-data
89-->[com.android.support:support-core-utils:26.1.0] AndroidManifest.xml:26:9-28:38
90            android:name="android.support.VERSION"
90-->[com.android.support:support-core-utils:26.1.0] AndroidManifest.xml:27:13-51
91            android:value="26.1.0" />
91-->[com.android.support:support-core-utils:26.1.0] AndroidManifest.xml:28:13-35
92    </application>
93
94</manifest>